2021-08-23 20:40:30,508 [Worker-6: Loading available Gradle versions] INFO  o.e.b.c.i.u.g.PublishedGradleVersions - Gradle version information cache is up-to-date. Trying to read.
2021-08-23 20:42:00,243 [Worker-4: Importing Maven projects] INFO  o.e.m.c.i.l.LifecycleMappingFactory - Using org.eclipse.m2e.jdt.JarLifecycleMapping lifecycle mapping for MavenProject: com.example:springboot-sample:0.0.1-SNAPSHOT @ C:\Users\johnm\revature-0628-p2-teamd\api-springboot-app\api-springboot-app\target\classes\META-INF\maven\com.example\springboot-sample\pom.xml.
2021-08-23 20:42:01,653 [Worker-4: Importing Maven projects] INFO  o.e.m.j.i.AbstractJavaProjectConfigurator - Adding source folder /springboot-sample/src/main/java
2021-08-23 20:42:01,654 [Worker-4: Importing Maven projects] INFO  o.e.m.j.i.AbstractJavaProjectConfigurator - Adding source folder /springboot-sample/src/test/java
2021-08-23 20:42:02,351 [Worker-4: Importing Maven projects] INFO  o.e.m.c.i.p.ProjectConfigurationManager - Imported and configured 1 project(s) in 4 sec
2021-08-23 20:42:04,480 [Worker-15: Building] INFO  o.e.m.c.i.embedder.EclipseLogger - Using 'UTF-8' encoding to copy filtered resources.
2021-08-23 20:42:04,481 [Worker-15: Building] INFO  o.e.m.c.i.embedder.EclipseLogger - Using 'UTF-8' encoding to copy filtered properties files.
2021-08-23 20:42:04,481 [Worker-15: Building] INFO  o.e.m.c.i.embedder.EclipseLogger - skip non existing resourceDirectory C:\Users\johnm\revature-0628-p2-teamd\api-springboot-app\api-springboot-app\target\classes\META-INF\maven\com.example\springboot-sample\src\main\resources
2021-08-23 20:42:04,481 [Worker-15: Building] INFO  o.e.m.c.i.embedder.EclipseLogger - skip non existing resourceDirectory C:\Users\johnm\revature-0628-p2-teamd\api-springboot-app\api-springboot-app\target\classes\META-INF\maven\com.example\springboot-sample\src\main\resources
2021-08-23 20:42:04,486 [Worker-15: Building] INFO  o.e.m.c.i.embedder.EclipseLogger - Using 'UTF-8' encoding to copy filtered resources.
2021-08-23 20:42:04,486 [Worker-15: Building] INFO  o.e.m.c.i.embedder.EclipseLogger - Using 'UTF-8' encoding to copy filtered properties files.
2021-08-23 20:42:04,486 [Worker-15: Building] INFO  o.e.m.c.i.embedder.EclipseLogger - skip non existing resourceDirectory C:\Users\johnm\revature-0628-p2-teamd\api-springboot-app\api-springboot-app\target\classes\META-INF\maven\com.example\springboot-sample\src\test\resources
2021-08-23 20:44:30,306 [Worker-13: Importing Maven projects] INFO  o.e.m.c.i.l.LifecycleMappingFactory - Using org.eclipse.m2e.jdt.JarLifecycleMapping lifecycle mapping for MavenProject: com.example:springboot-sample:0.0.1-SNAPSHOT @ C:\Users\johnm\revature-0628-p2-teamd\api-springboot-app\api-springboot-app\pom.xml.
2021-08-23 20:44:30,856 [Worker-13: Importing Maven projects] INFO  o.e.m.j.i.AbstractJavaProjectConfigurator - Adding source folder /springboot-sample/src/main/java
2021-08-23 20:44:30,857 [Worker-13: Importing Maven projects] INFO  o.e.m.j.i.AbstractJavaProjectConfigurator - Adding resource folder /springboot-sample/src/main/resources
2021-08-23 20:44:30,866 [Worker-13: Importing Maven projects] INFO  o.e.m.j.i.AbstractJavaProjectConfigurator - Adding resource folder /springboot-sample/src/main/resources
2021-08-23 20:44:30,878 [Worker-13: Importing Maven projects] INFO  o.e.m.j.i.AbstractJavaProjectConfigurator - Adding source folder /springboot-sample/src/test/java
2021-08-23 20:44:31,550 [Worker-13: Importing Maven projects] INFO  o.e.m.c.i.p.ProjectConfigurationManager - Imported and configured 1 project(s) in 1 sec
2021-08-23 20:44:32,867 [Worker-18: Building] INFO  o.e.m.c.i.embedder.EclipseLogger - Using 'UTF-8' encoding to copy filtered resources.
2021-08-23 20:44:32,867 [Worker-18: Building] INFO  o.e.m.c.i.embedder.EclipseLogger - Using 'UTF-8' encoding to copy filtered properties files.
2021-08-23 20:44:32,871 [Worker-18: Building] INFO  o.e.m.c.i.embedder.EclipseLogger - Copying 1 resource
2021-08-23 20:44:32,895 [Worker-18: Building] INFO  o.e.m.c.i.embedder.EclipseLogger - Copying 0 resource
2021-08-23 20:44:32,899 [Worker-18: Building] INFO  o.e.m.c.i.embedder.EclipseLogger - Using 'UTF-8' encoding to copy filtered resources.
2021-08-23 20:44:32,899 [Worker-18: Building] INFO  o.e.m.c.i.embedder.EclipseLogger - Using 'UTF-8' encoding to copy filtered properties files.
2021-08-23 20:44:32,899 [Worker-18: Building] INFO  o.e.m.c.i.embedder.EclipseLogger - skip non existing resourceDirectory C:\Users\johnm\revature-0628-p2-teamd\api-springboot-app\api-springboot-app\src\test\resources
2021-08-23 21:11:39,976 [Worker-4: Updating Maven Project] INFO  o.e.m.c.i.p.ProjectConfigurationManager - Update started
2021-08-23 21:11:39,982 [Worker-4: Updating Maven Project] INFO  o.e.m.c.i.p.ProjectConfigurationManager - Update completed: 0 sec
